0 verbose cli C:\nvm4w\nodejs\node.exe C:\nvm4w\nodejs\node_modules\npm\bin\npm-cli.js
1 info using npm@11.4.2
2 info using node@v20.19.2
3 silly config load:file:C:\Users\asus\AppData\Local\nvm\v20.19.2\node_modules\npm\npmrc
4 silly config load:file:C:\Users\asus\.npmrc
5 silly config load:file:C:\nvm4w\nodejs\etc\npmrc
6 verbose title npm run dev
7 verbose argv "run" "dev"
8 verbose logfile logs-max:10 dir:C:\Users\asus\OneDrive\Desktop\Movie-review-app\.npm-cache\_logs\2025-07-06T05_24_48_183Z-
9 verbose logfile C:\Users\asus\OneDrive\Desktop\Movie-review-app\.npm-cache\_logs\2025-07-06T05_24_48_183Z-debug-0.log
10 silly logfile done cleaning log files
11 verbose stack Error: Missing script: "dev"
11 verbose stack
11 verbose stack To see a list of scripts, run:
11 verbose stack   npm run
11 verbose stack     at #run (C:\Users\asus\AppData\Local\nvm\v20.19.2\node_modules\npm\lib\commands\run.js:115:13)
11 verbose stack     at async RunScript.exec (C:\Users\asus\AppData\Local\nvm\v20.19.2\node_modules\npm\lib\commands\run.js:44:7)
11 verbose stack     at async Npm.exec (C:\Users\asus\AppData\Local\nvm\v20.19.2\node_modules\npm\lib\npm.js:208:9)
11 verbose stack     at async module.exports (C:\Users\asus\AppData\Local\nvm\v20.19.2\node_modules\npm\lib\cli\entry.js:67:5)
12 error Missing script: "dev"
12 error
12 error To see a list of scripts, run:
12 error   npm run
13 verbose cwd C:\Users\asus\OneDrive\Desktop\Movie-review-app
14 verbose os Windows_NT 10.0.26100
15 verbose node v20.19.2
16 verbose npm  v11.4.2
17 verbose exit 1
18 verbose code 1
19 error A complete log of this run can be found in: C:\Users\asus\OneDrive\Desktop\Movie-review-app\.npm-cache\_logs\2025-07-06T05_24_48_183Z-debug-0.log
